Crash/restart x20
  1/20 PASS
  2/20 PASS
  3/20 PASS
  4/20 PASS
  5/20 PASS
  6/20 PASS
  7/20 PASS
  8/20 PASS
  9/20 PASS
  10/20 PASS
  11/20 PASS
  12/20 PASS
  13/20 PASS
  14/20 PASS
  15/20 PASS
  16/20 PASS
  17/20 PASS
  18/20 PASS
  19/20 PASS
  20/20 PASS
Cancellation x20
  1/20 PASS
  2/20 PASS
  3/20 PASS
  4/20 PASS
  5/20 PASS
  6/20 PASS
  7/20 PASS
  8/20 PASS
  9/20 PASS
  10/20 PASS
  11/20 PASS
  12/20 PASS
  13/20 PASS
  14/20 PASS
  15/20 PASS
  16/20 PASS
  17/20 PASS
  18/20 PASS
  19/20 PASS
  20/20 PASS
Crash/restart: 20/20
Cancellation: 20/20
ALL PASS
