module github.com/yingliang-zhang/ananke

go 1.26.5

require golang.org/x/sys v0.47.0 // indirect
---GET SQLITE AGAIN---
go: added github.com/dustin/go-humanize v1.0.1
go: added github.com/google/uuid v1.6.0
go: added github.com/mattn/go-isatty v0.0.20
go: added github.com/ncruces/go-strftime v1.0.0
go: added github.com/remyoudompheng/bigfft v0.0.0-20230129092748-24d4a6f8daec
go: added modernc.org/libc v1.74.1
go: added modernc.org/mathutil v1.7.1
go: added modernc.org/memory v1.11.0
go: added modernc.org/sqlite v1.54.0
EXIT=0
---AFTER---
module github.com/yingliang-zhang/ananke

go 1.26.5

require (
	github.com/dustin/go-humanize v1.0.1 // indirect
	github.com/google/uuid v1.6.0 // indirect
	github.com/mattn/go-isatty v0.0.20 // indirect
	github.com/ncruces/go-strftime v1.0.0 // indirect
	github.com/remyoudompheng/bigfft v0.0.0-20230129092748-24d4a6f8daec // indirect
	golang.org/x/sys v0.47.0 // indirect
	modernc.org/libc v1.74.1 // indirect
	modernc.org/mathutil v1.7.1 // indirect
	modernc.org/memory v1.11.0 // indirect
	modernc.org/sqlite v1.54.0 // indirect
)
